Copyright 1986-2018 Xilinx, Inc. All Rights Reserved.
------------------------------------------------------------------------------------
| Tool Version : Vivado v.2018.3 (win64) Build 2405991 Thu Dec  6 23:38:27 MST 2018
| Date         : Wed Oct 21 15:07:02 2020
| Host         : LAPTOP-R679SJHJ running 64-bit major release  (build 9200)
| Command      : upgrade_ip
| Device       : xc7z010clg400-1
------------------------------------------------------------------------------------

Upgrade Log for IP 'design_1_ax_pwm_3_0'

1. Summary
----------

SUCCESS in the upgrade of design_1_ax_pwm_3_0 from xilinx.com:user:ax_pwm:1.0 (Rev. 3) to xilinx.com:user:ax_pwm:1.1 (Rev. 1)






Copyright 1986-2018 Xilinx, Inc. All Rights Reserved.
------------------------------------------------------------------------------------
| Tool Version : Vivado v.2018.3 (win64) Build 2405991 Thu Dec  6 23:38:27 MST 2018
| Date         : Wed Oct 21 15:07:02 2020
| Host         : LAPTOP-R679SJHJ running 64-bit major release  (build 9200)
| Command      : upgrade_ip
| Device       : xc7z010clg400-1
------------------------------------------------------------------------------------

Upgrade Log for IP 'design_1_ax_pwm_2_0'

1. Summary
----------

SUCCESS in the upgrade of design_1_ax_pwm_2_0 from xilinx.com:user:ax_pwm:1.0 (Rev. 3) to xilinx.com:user:ax_pwm:1.1 (Rev. 1)






Copyright 1986-2018 Xilinx, Inc. All Rights Reserved.
------------------------------------------------------------------------------------
| Tool Version : Vivado v.2018.3 (win64) Build 2405991 Thu Dec  6 23:38:27 MST 2018
| Date         : Wed Oct 21 15:07:02 2020
| Host         : LAPTOP-R679SJHJ running 64-bit major release  (build 9200)
| Command      : upgrade_ip
| Device       : xc7z010clg400-1
------------------------------------------------------------------------------------

Upgrade Log for IP 'design_1_ax_pwm_1_0'

1. Summary
----------

SUCCESS in the upgrade of design_1_ax_pwm_1_0 from xilinx.com:user:ax_pwm:1.0 (Rev. 3) to xilinx.com:user:ax_pwm:1.1 (Rev. 1)






Copyright 1986-2018 Xilinx, Inc. All Rights Reserved.
------------------------------------------------------------------------------------
| Tool Version : Vivado v.2018.3 (win64) Build 2405991 Thu Dec  6 23:38:27 MST 2018
| Date         : Wed Oct 21 15:07:02 2020
| Host         : LAPTOP-R679SJHJ running 64-bit major release  (build 9200)
| Command      : upgrade_ip
| Device       : xc7z010clg400-1
------------------------------------------------------------------------------------

Upgrade Log for IP 'design_1_ax_pwm_0_0'

1. Summary
----------

SUCCESS in the upgrade of design_1_ax_pwm_0_0 from xilinx.com:user:ax_pwm:1.0 (Rev. 3) to xilinx.com:user:ax_pwm:1.1 (Rev. 1)

