13:47:46 INFO  : Registering command handlers for SDK TCF services
13:47:48 INFO  : Launching XSCT server: xsct.bat -interactive D:\Verilog_Projects\ps_helloworld\ps_helloworld\ps_helloworld.sdk\temp_xsdb_launch_script.tcl
13:47:52 INFO  : XSCT server has started successfully.
13:48:08 INFO  : Successfully done setting XSCT server connection channel  
13:48:08 INFO  : Successfully done setting SDK workspace  
13:48:08 INFO  : Processing command line option -hwspec D:/Verilog_Projects/ps_helloworld/ps_helloworld/ps_helloworld.sdk/design_1_wrapper.hdf.
14:52:19 INFO  : Connected to target on host '127.0.0.1' and port '3121'.
14:52:20 INFO  : Jtag cable 'Digilent JTAG-HS1 210512180081' is selected.
14:52:20 INFO  : 'jtag frequency' command is executed.
14:52:20 INFO  : Sourcing of 'D:/Verilog_Projects/ps_helloworld/ps_helloworld/ps_helloworld.sdk/design_1_wrapper_hw_platform_0/ps7_init.tcl' is done.
14:52:20 INFO  : Context for 'APU' is selected.
14:52:20 INFO  : Hardware design information is loaded from 'D:/Verilog_Projects/ps_helloworld/ps_helloworld/ps_helloworld.sdk/design_1_wrapper_hw_platform_0/system.hdf'.
14:52:20 INFO  : 'configparams force-mem-access 1' command is executed.
14:52:20 INFO  : Context for 'APU' is selected.
14:52:20 INFO  : 'stop' command is executed.
14:52:21 INFO  : 'ps7_init' command is executed.
14:52:21 INFO  : 'ps7_post_config' command is executed.
14:52:21 INFO  : Context for processor 'ps7_cortexa9_0' is selected.
14:52:21 INFO  : Processor reset is completed for 'ps7_cortexa9_0'.
14:52:21 INFO  : Context for processor 'ps7_cortexa9_0' is selected.
14:52:21 INFO  : The application 'D:/Verilog_Projects/ps_helloworld/ps_helloworld/ps_helloworld.sdk/hello/Debug/hello.elf' is downloaded to processor 'ps7_cortexa9_0'.
14:52:21 INFO  : 'configparams force-mem-access 0' command is executed.
14:52:21 INFO  : ----------------XSDB Script----------------
connect -url tcp:127.0.0.1:3121
source D:/Verilog_Projects/ps_helloworld/ps_helloworld/ps_helloworld.sdk/design_1_wrapper_hw_platform_0/ps7_init.tcl
targets -set -nocase -filter {name =~"APU*" && jtag_cable_name =~ "Digilent JTAG-HS1 210512180081"} -index 0
loadhw -hw D:/Verilog_Projects/ps_helloworld/ps_helloworld/ps_helloworld.sdk/design_1_wrapper_hw_platform_0/system.hdf -mem-ranges [list {0x40000000 0xbfffffff}]
configparams force-mem-access 1
targets -set -nocase -filter {name =~"APU*" && jtag_cable_name =~ "Digilent JTAG-HS1 210512180081"} -index 0
stop
ps7_init
ps7_post_config
targets -set -nocase -filter {name =~ "ARM*#0" && jtag_cable_name =~ "Digilent JTAG-HS1 210512180081"} -index 0
rst -processor
targets -set -nocase -filter {name =~ "ARM*#0" && jtag_cable_name =~ "Digilent JTAG-HS1 210512180081"} -index 0
dow D:/Verilog_Projects/ps_helloworld/ps_helloworld/ps_helloworld.sdk/hello/Debug/hello.elf
configparams force-mem-access 0
----------------End of Script----------------

14:52:21 INFO  : Context for processor 'ps7_cortexa9_0' is selected.
14:52:21 INFO  : 'con' command is executed.
14:52:21 INFO  : ----------------XSDB Script (After Launch)----------------
targets -set -nocase -filter {name =~ "ARM*#0" && jtag_cable_name =~ "Digilent JTAG-HS1 210512180081"} -index 0
con
----------------End of Script----------------

14:52:21 INFO  : Launch script is exported to file 'D:\Verilog_Projects\ps_helloworld\ps_helloworld\ps_helloworld.sdk\.sdk\launch_scripts\xilinx_c-c++_application_(system_debugger)\system_debugger_using_debug_hello.elf_on_local.tcl'
14:54:01 INFO  : Disconnected from the channel tcfchan#1.
14:54:02 INFO  : Connected to target on host '127.0.0.1' and port '3121'.
14:54:02 INFO  : Jtag cable 'Digilent JTAG-HS1 210512180081' is selected.
14:54:02 INFO  : 'jtag frequency' command is executed.
14:54:02 INFO  : Sourcing of 'D:/Verilog_Projects/ps_helloworld/ps_helloworld/ps_helloworld.sdk/design_1_wrapper_hw_platform_0/ps7_init.tcl' is done.
14:54:02 INFO  : Context for 'APU' is selected.
14:54:03 INFO  : System reset is completed.
14:54:06 INFO  : 'after 3000' command is executed.
14:54:06 INFO  : Context for 'APU' is selected.
14:54:08 INFO  : Hardware design information is loaded from 'D:/Verilog_Projects/ps_helloworld/ps_helloworld/ps_helloworld.sdk/design_1_wrapper_hw_platform_0/system.hdf'.
14:54:08 INFO  : 'configparams force-mem-access 1' command is executed.
14:54:08 INFO  : Context for 'APU' is selected.
14:54:08 INFO  : 'ps7_init' command is executed.
14:54:08 INFO  : 'ps7_post_config' command is executed.
14:54:08 INFO  : Context for processor 'ps7_cortexa9_0' is selected.
14:54:09 INFO  : The application 'D:/Verilog_Projects/ps_helloworld/ps_helloworld/ps_helloworld.sdk/hello/Debug/hello.elf' is downloaded to processor 'ps7_cortexa9_0'.
14:54:09 INFO  : 'configparams force-mem-access 0' command is executed.
14:54:09 INFO  : ----------------XSDB Script----------------
connect -url tcp:127.0.0.1:3121
source D:/Verilog_Projects/ps_helloworld/ps_helloworld/ps_helloworld.sdk/design_1_wrapper_hw_platform_0/ps7_init.tcl
targets -set -nocase -filter {name =~"APU*" && jtag_cable_name =~ "Digilent JTAG-HS1 210512180081"} -index 0
rst -system
after 3000
targets -set -nocase -filter {name =~"APU*" && jtag_cable_name =~ "Digilent JTAG-HS1 210512180081"} -index 0
loadhw -hw D:/Verilog_Projects/ps_helloworld/ps_helloworld/ps_helloworld.sdk/design_1_wrapper_hw_platform_0/system.hdf -mem-ranges [list {0x40000000 0xbfffffff}]
configparams force-mem-access 1
targets -set -nocase -filter {name =~"APU*" && jtag_cable_name =~ "Digilent JTAG-HS1 210512180081"} -index 0
ps7_init
ps7_post_config
targets -set -nocase -filter {name =~ "ARM*#0" && jtag_cable_name =~ "Digilent JTAG-HS1 210512180081"} -index 0
dow D:/Verilog_Projects/ps_helloworld/ps_helloworld/ps_helloworld.sdk/hello/Debug/hello.elf
configparams force-mem-access 0
----------------End of Script----------------

14:54:09 INFO  : Context for processor 'ps7_cortexa9_0' is selected.
14:54:09 INFO  : 'con' command is executed.
14:54:09 INFO  : ----------------XSDB Script (After Launch)----------------
targets -set -nocase -filter {name =~ "ARM*#0" && jtag_cable_name =~ "Digilent JTAG-HS1 210512180081"} -index 0
con
----------------End of Script----------------

14:54:09 INFO  : Launch script is exported to file 'D:\Verilog_Projects\ps_helloworld\ps_helloworld\ps_helloworld.sdk\.sdk\launch_scripts\xilinx_c-c++_application_(system_debugger)\system_debugger_using_debug_hello.elf_on_local.tcl'
14:54:34 INFO  : Disconnected from the channel tcfchan#2.
14:54:35 INFO  : Connected to target on host '127.0.0.1' and port '3121'.
14:54:35 INFO  : Jtag cable 'Digilent JTAG-HS1 210512180081' is selected.
14:54:35 INFO  : 'jtag frequency' command is executed.
14:54:35 INFO  : Sourcing of 'D:/Verilog_Projects/ps_helloworld/ps_helloworld/ps_helloworld.sdk/design_1_wrapper_hw_platform_0/ps7_init.tcl' is done.
14:54:35 INFO  : Context for 'APU' is selected.
14:54:35 INFO  : System reset is completed.
14:54:38 INFO  : 'after 3000' command is executed.
14:54:38 INFO  : Context for 'APU' is selected.
14:54:40 INFO  : Hardware design information is loaded from 'D:/Verilog_Projects/ps_helloworld/ps_helloworld/ps_helloworld.sdk/design_1_wrapper_hw_platform_0/system.hdf'.
14:54:40 INFO  : 'configparams force-mem-access 1' command is executed.
14:54:40 INFO  : Context for 'APU' is selected.
14:54:40 INFO  : 'ps7_init' command is executed.
14:54:40 INFO  : 'ps7_post_config' command is executed.
14:54:40 INFO  : Context for processor 'ps7_cortexa9_0' is selected.
14:54:40 INFO  : The application 'D:/Verilog_Projects/ps_helloworld/ps_helloworld/ps_helloworld.sdk/hello/Debug/hello.elf' is downloaded to processor 'ps7_cortexa9_0'.
14:54:40 INFO  : 'configparams force-mem-access 0' command is executed.
14:54:40 INFO  : ----------------XSDB Script----------------
connect -url tcp:127.0.0.1:3121
source D:/Verilog_Projects/ps_helloworld/ps_helloworld/ps_helloworld.sdk/design_1_wrapper_hw_platform_0/ps7_init.tcl
targets -set -nocase -filter {name =~"APU*" && jtag_cable_name =~ "Digilent JTAG-HS1 210512180081"} -index 0
rst -system
after 3000
targets -set -nocase -filter {name =~"APU*" && jtag_cable_name =~ "Digilent JTAG-HS1 210512180081"} -index 0
loadhw -hw D:/Verilog_Projects/ps_helloworld/ps_helloworld/ps_helloworld.sdk/design_1_wrapper_hw_platform_0/system.hdf -mem-ranges [list {0x40000000 0xbfffffff}]
configparams force-mem-access 1
targets -set -nocase -filter {name =~"APU*" && jtag_cable_name =~ "Digilent JTAG-HS1 210512180081"} -index 0
ps7_init
ps7_post_config
targets -set -nocase -filter {name =~ "ARM*#0" && jtag_cable_name =~ "Digilent JTAG-HS1 210512180081"} -index 0
dow D:/Verilog_Projects/ps_helloworld/ps_helloworld/ps_helloworld.sdk/hello/Debug/hello.elf
configparams force-mem-access 0
----------------End of Script----------------

14:54:41 INFO  : Context for processor 'ps7_cortexa9_0' is selected.
14:54:41 INFO  : 'con' command is executed.
14:54:41 INFO  : ----------------XSDB Script (After Launch)----------------
targets -set -nocase -filter {name =~ "ARM*#0" && jtag_cable_name =~ "Digilent JTAG-HS1 210512180081"} -index 0
con
----------------End of Script----------------

14:54:41 INFO  : Launch script is exported to file 'D:\Verilog_Projects\ps_helloworld\ps_helloworld\ps_helloworld.sdk\.sdk\launch_scripts\xilinx_c-c++_application_(system_debugger)\system_debugger_using_debug_hello.elf_on_local.tcl'
15:09:29 ERROR : Failed to call write_mss 
Reason: ERROR: [Common 17-176] Overwrite of existing file isn't enabled.  Please specify -force to overwrite file  [D:/Verilog_Projects/ps_helloworld/ps_helloworld/ps_helloworld.sdk/fsbl_bsp/system.mss]

15:10:57 ERROR : Failed to call write_mss 
Reason: ERROR: [Common 17-176] Overwrite of existing file isn't enabled.  Please specify -force to overwrite file  [D:/Verilog_Projects/ps_helloworld/ps_helloworld/ps_helloworld.sdk/fsbl_bsp/system.mss]

15:12:00 ERROR : Failed to call write_mss 
Reason: ERROR: [Common 17-176] Overwrite of existing file isn't enabled.  Please specify -force to overwrite file  [D:/Verilog_Projects/ps_helloworld/ps_helloworld/ps_helloworld.sdk/fsbl_bsp/system.mss]

15:12:29 ERROR : Failed to call write_mss 
Reason: ERROR: [Common 17-176] Overwrite of existing file isn't enabled.  Please specify -force to overwrite file  [D:/Verilog_Projects/ps_helloworld/ps_helloworld/ps_helloworld.sdk/fsbl_bsp/system.mss]

15:13:35 ERROR : (XSDB Server)ERROR: [Hsi 61-13] No current software db available.

15:13:35 ERROR : Failed to call write_mss 
Reason: ERROR: [Common 17-39] 'hsi::write_mss' failed due to earlier errors.

15:13:37 ERROR : The Hardware Project referenced by this BSP (fsbl_bsp) was not found in this workspace. As a result, this BSP will not build properly. To fix this error, please import the associated hardware project or recreate a new BSP targeting an existing hardware platform.
15:14:02 INFO  : Disconnected from the channel tcfchan#3.
15:15:51 INFO  : Registering command handlers for SDK TCF services
15:15:52 INFO  : Launching XSCT server: xsct.bat -interactive D:\Verilog_Projects\ps_helloworld\ps_helloworld\ps_helloworld.sdk\temp_xsdb_launch_script.tcl
15:15:55 INFO  : XSCT server has started successfully.
15:15:57 INFO  : Successfully done setting XSCT server connection channel  
15:15:57 INFO  : Successfully done setting SDK workspace  
15:15:57 INFO  : Processing command line option -hwspec D:/Verilog_Projects/ps_helloworld/ps_helloworld/ps_helloworld.sdk/design_1_wrapper.hdf.
15:15:57 INFO  : Checking for hwspec changes in the project design_1_wrapper_hw_platform_0.
15:20:53 INFO  : Invoking Bootgen: bootgen -image hello.bif -arch zynq -o D:\Verilog_Projects\ps_helloworld\ps_helloworld\ps_helloworld.sdk\hello\bootimage\BOOT.bin
15:20:53 INFO  : Creating new bif file D:\Verilog_Projects\ps_helloworld\ps_helloworld\ps_helloworld.sdk\hello\bootimage\hello.bif
15:20:55 INFO  : Bootgen command execution is done.
20:23:34 INFO  : Registering command handlers for SDK TCF services
20:23:36 INFO  : Launching XSCT server: xsct.bat -interactive D:\Verilog_Projects\ps_helloworld\ps_helloworld\ps_helloworld.sdk\temp_xsdb_launch_script.tcl
20:23:43 INFO  : XSCT server has started successfully.
20:23:43 INFO  : Successfully done setting XSCT server connection channel  
20:23:43 INFO  : Successfully done setting SDK workspace  
20:23:44 INFO  : Processing command line option -hwspec D:/Verilog_Projects/ps_helloworld/ps_helloworld/ps_helloworld.sdk/design_1_wrapper.hdf.
20:23:44 INFO  : Checking for hwspec changes in the project design_1_wrapper_hw_platform_0.
20:24:33 INFO  : Connected to target on host '127.0.0.1' and port '3121'.
20:24:34 INFO  : Jtag cable 'Digilent JTAG-HS1 210512180081' is selected.
20:24:34 INFO  : 'jtag frequency' command is executed.
20:24:34 INFO  : Sourcing of 'D:/Verilog_Projects/ps_helloworld/ps_helloworld/ps_helloworld.sdk/design_1_wrapper_hw_platform_0/ps7_init.tcl' is done.
20:24:34 INFO  : Context for 'APU' is selected.
20:24:34 INFO  : System reset is completed.
20:24:37 INFO  : 'after 3000' command is executed.
20:24:37 INFO  : Context for 'APU' is selected.
20:24:37 INFO  : Hardware design information is loaded from 'D:/Verilog_Projects/ps_helloworld/ps_helloworld/ps_helloworld.sdk/design_1_wrapper_hw_platform_0/system.hdf'.
20:24:37 INFO  : 'configparams force-mem-access 1' command is executed.
20:24:37 INFO  : Context for 'APU' is selected.
20:24:37 INFO  : 'ps7_init' command is executed.
20:24:37 INFO  : 'ps7_post_config' command is executed.
20:24:37 INFO  : Context for processor 'ps7_cortexa9_0' is selected.
20:24:38 INFO  : The application 'D:/Verilog_Projects/ps_helloworld/ps_helloworld/ps_helloworld.sdk/hello/Debug/hello.elf' is downloaded to processor 'ps7_cortexa9_0'.
20:24:38 INFO  : 'configparams force-mem-access 0' command is executed.
20:24:38 INFO  : ----------------XSDB Script----------------
connect -url tcp:127.0.0.1:3121
source D:/Verilog_Projects/ps_helloworld/ps_helloworld/ps_helloworld.sdk/design_1_wrapper_hw_platform_0/ps7_init.tcl
targets -set -nocase -filter {name =~"APU*" && jtag_cable_name =~ "Digilent JTAG-HS1 210512180081"} -index 0
rst -system
after 3000
targets -set -nocase -filter {name =~"APU*" && jtag_cable_name =~ "Digilent JTAG-HS1 210512180081"} -index 0
loadhw -hw D:/Verilog_Projects/ps_helloworld/ps_helloworld/ps_helloworld.sdk/design_1_wrapper_hw_platform_0/system.hdf -mem-ranges [list {0x40000000 0xbfffffff}]
configparams force-mem-access 1
targets -set -nocase -filter {name =~"APU*" && jtag_cable_name =~ "Digilent JTAG-HS1 210512180081"} -index 0
ps7_init
ps7_post_config
targets -set -nocase -filter {name =~ "ARM*#0" && jtag_cable_name =~ "Digilent JTAG-HS1 210512180081"} -index 0
dow D:/Verilog_Projects/ps_helloworld/ps_helloworld/ps_helloworld.sdk/hello/Debug/hello.elf
configparams force-mem-access 0
----------------End of Script----------------

20:24:38 INFO  : Context for processor 'ps7_cortexa9_0' is selected.
20:24:38 INFO  : 'con' command is executed.
20:24:38 INFO  : ----------------XSDB Script (After Launch)----------------
targets -set -nocase -filter {name =~ "ARM*#0" && jtag_cable_name =~ "Digilent JTAG-HS1 210512180081"} -index 0
con
----------------End of Script----------------

20:24:38 INFO  : Launch script is exported to file 'D:\Verilog_Projects\ps_helloworld\ps_helloworld\ps_helloworld.sdk\.sdk\launch_scripts\xilinx_c-c++_application_(system_debugger)\system_debugger_using_debug_hello.elf_on_local.tcl'
22:30:38 INFO  : Disconnected from the channel tcfchan#1.
20:11:28 INFO  : Registering command handlers for SDK TCF services
20:11:30 INFO  : Launching XSCT server: xsct.bat -interactive D:\Verilog_Projects\pynq_pwm\pynq_pwm.sdk\temp_xsdb_launch_script.tcl
20:11:35 INFO  : XSCT server has started successfully.
20:11:49 INFO  : Successfully done setting XSCT server connection channel  
20:11:49 INFO  : Processing command line option -hwspec D:/Verilog_Projects/pynq_pwm/pynq_pwm.sdk/design_1_wrapper.hdf.
20:12:04 INFO  : Successfully done setting SDK workspace  
